<?xml version="1.0" encoding="UTF-8"?>
<!-- Generated by org.testng.reporters.JUnitXMLReporter -->
<testsuite hostname="MBP-Vera" failures="2" tests="9" name="Test" time="36.408" errors="0" timestamp="31 Jan 2022 19:36:50 GMT">
  <testcase classname="com.reports.ReportExtend" name="oneTest" time="0.027">
    <failure type="java.lang.AssertionError" message="expected [AREVKAffffff IN FASHION] but found [AREVKA IN FASHION]">
      <![CDATA[java.lang.AssertionError: expected [AREVKAffffff IN FASHION] but found [AREVKA IN FASHION]
	at com.reports.ReportExtend.oneTest(ReportExtend.java:60)
... Removed 30 stack frames]]>
    </failure>
  </testcase> <!-- oneTest -->
  <testcase classname="com.reports.ReportExtend" name="secondTest" time="0.001"/>
  <testcase classname="com.reports.ReportExtend" name="thirdTest" time="0.001"/>
  <testcase classname="com.reports.ReportExtend2" name="fifthTest" time="0.008">
    <failure type="java.lang.AssertionError" message="expected [5] but found [5543]">
      <![CDATA[java.lang.AssertionError: expected [5] but found [5543]
	at com.reports.ReportExtend2.fifthTest(ReportExtend2.java:54)
... Removed 30 stack frames]]>
    </failure>
  </testcase> <!-- fifthTest -->
  <testcase classname="com.reports.ReportExtend2" name="seventhTest" time="0.0"/>
  <testcase classname="com.reports.ReportExtend2" name="sixthTest" time="0.0"/>
  <testcase classname="com.reports.ReportExtend3" name="ellevenTest" time="0.0"/>
  <testcase classname="com.reports.ReportExtend3" name="tenTest" time="0.0"/>
  <testcase classname="com.reports.ReportExtend3" name="twelveTest" time="0.0"/>
</testsuite> <!-- Test -->
