<?xml version="1.0" encoding="UTF-8"?>
<testng-results total="9" passed="7" failed="2" skipped="0">
  <reporter-output>
  </reporter-output>
  <suite started-at="2022-01-31T19:36:14Z" name="Suite" finished-at="2022-01-31T19:36:50Z" duration-ms="36408">
    <groups>
    </groups>
    <test started-at="2022-01-31T19:36:14Z" name="Test" finished-at="2022-01-31T19:36:50Z" duration-ms="36408">
      <class name="com.reports.ReportExtend">
        <test-method is-config="true" signature="setUp()[pri:0, instance:com.reports.ReportExtend@59e32960]" started-at="2022-01-31T21:36:14Z" name="setUp" finished-at="2022-01-31T21:36:20Z" duration-ms="5976" status="PASS">
          <reporter-output>
          </reporter-output>
        </test-method> <!-- setUp -->
        <test-method signature="oneTest()[pri:0, instance:com.reports.ReportExtend@59e32960]" started-at="2022-01-31T21:36:20Z" name="oneTest" finished-at="2022-01-31T21:36:20Z" duration-ms="27" status="FAIL">
          <exception class="java.lang.AssertionError">
            <message>
              <![CDATA[expected [AREVKAffffff IN FASHION] but found [AREVKA IN FASHION]]]>
            </message>
            <full-stacktrace>
              <![CDATA[java.lang.AssertionError: expected [AREVKAffffff IN FASHION] but found [AREVKA IN FASHION]
	at org.testng.Assert.fail(Assert.java:94)
	at org.testng.Assert.failNotEquals(Assert.java:513)
	at org.testng.Assert.assertEqualsImpl(Assert.java:135)
	at org.testng.Assert.assertEquals(Assert.java:116)
	at org.testng.Assert.assertEquals(Assert.java:190)
	at org.testng.Assert.assertEquals(Assert.java:200)
	at com.reports.ReportExtend.oneTest(ReportExtend.java:60)
	at java.base/jdk.internal.reflect.NativeMethodAccessorImpl.invoke0(Native Method)
	at java.base/jdk.internal.reflect.NativeMethodAccessorImpl.invoke(NativeMethodAccessorImpl.java:78)
	at java.base/jdk.internal.reflect.DelegatingMethodAccessorImpl.invoke(DelegatingMethodAccessorImpl.java:43)
	at java.base/java.lang.reflect.Method.invoke(Method.java:567)
	at org.testng.internal.MethodInvocationHelper.invokeMethod(MethodInvocationHelper.java:86)
	at org.testng.internal.Invoker.invokeMethod(Invoker.java:643)
	at org.testng.internal.Invoker.invokeTestMethod(Invoker.java:820)
	at org.testng.internal.Invoker.invokeTestMethods(Invoker.java:1128)
	at org.testng.internal.TestMethodWorker.invokeTestMethods(TestMethodWorker.java:129)
	at org.testng.internal.TestMethodWorker.run(TestMethodWorker.java:112)
	at org.testng.TestRunner.privateRun(TestRunner.java:782)
	at org.testng.TestRunner.run(TestRunner.java:632)
	at org.testng.SuiteRunner.runTest(SuiteRunner.java:366)
	at org.testng.SuiteRunner.runSequentially(SuiteRunner.java:361)
	at org.testng.SuiteRunner.privateRun(SuiteRunner.java:319)
	at org.testng.SuiteRunner.run(SuiteRunner.java:268)
	at org.testng.SuiteRunnerWorker.runSuite(SuiteRunnerWorker.java:52)
	at org.testng.SuiteRunnerWorker.run(SuiteRunnerWorker.java:86)
	at org.testng.TestNG.runSuitesSequentially(TestNG.java:1244)
	at org.testng.TestNG.runSuitesLocally(TestNG.java:1169)
	at org.testng.TestNG.run(TestNG.java:1064)
	at org.testng.remote.AbstractRemoteTestNG.run(AbstractRemoteTestNG.java:115)
	at org.testng.remote.RemoteTestNG.initAndRun(RemoteTestNG.java:251)
	at org.testng.remote.RemoteTestNG.main(RemoteTestNG.java:77)
]]>
            </full-stacktrace>
          </exception> <!-- java.lang.AssertionError -->
          <reporter-output>
          </reporter-output>
        </test-method> <!-- oneTest -->
        <test-method is-config="true" signature="tearDown(org.testng.ITestResult)[pri:0, instance:com.reports.ReportExtend@59e32960]" started-at="2022-01-31T21:36:20Z" name="tearDown" finished-at="2022-01-31T21:36:21Z" duration-ms="931" status="PASS">
          <params>
            <param index="0">
              <value>
                <![CDATA[[TestResult name=oneTest status=FAILURE method=ReportExtend.oneTest()[pri:0, instance:com.reports.ReportExtend@59e32960] output={null}]]]>
              </value>
            </param>
          </params>
          <reporter-output>
          </reporter-output>
        </test-method> <!-- tearDown -->
        <test-method is-config="true" signature="setUp()[pri:0, instance:com.reports.ReportExtend@59e32960]" started-at="2022-01-31T21:36:21Z" name="setUp" finished-at="2022-01-31T21:36:24Z" duration-ms="3723" status="PASS">
          <reporter-output>
          </reporter-output>
        </test-method> <!-- setUp -->
        <test-method signature="secondTest()[pri:0, instance:com.reports.ReportExtend@59e32960]" started-at="2022-01-31T21:36:24Z" name="secondTest" finished-at="2022-01-31T21:36:24Z" duration-ms="1" status="PASS">
          <reporter-output>
          </reporter-output>
        </test-method> <!-- secondTest -->
        <test-method is-config="true" signature="tearDown(org.testng.ITestResult)[pri:0, instance:com.reports.ReportExtend@59e32960]" started-at="2022-01-31T21:36:24Z" name="tearDown" finished-at="2022-01-31T21:36:24Z" duration-ms="145" status="PASS">
          <params>
            <param index="0">
              <value>
                <![CDATA[[TestResult name=secondTest status=SUCCESS method=ReportExtend.secondTest()[pri:0, instance:com.reports.ReportExtend@59e32960] output={null}]]]>
              </value>
            </param>
          </params>
          <reporter-output>
          </reporter-output>
        </test-method> <!-- tearDown -->
        <test-method is-config="true" signature="setUp()[pri:0, instance:com.reports.ReportExtend@59e32960]" started-at="2022-01-31T21:36:24Z" name="setUp" finished-at="2022-01-31T21:36:28Z" duration-ms="3702" status="PASS">
          <reporter-output>
          </reporter-output>
        </test-method> <!-- setUp -->
        <test-method signature="thirdTest()[pri:0, instance:com.reports.ReportExtend@59e32960]" started-at="2022-01-31T21:36:28Z" name="thirdTest" finished-at="2022-01-31T21:36:28Z" duration-ms="1" status="PASS">
          <reporter-output>
          </reporter-output>
        </test-method> <!-- thirdTest -->
        <test-method is-config="true" signature="tearDown(org.testng.ITestResult)[pri:0, instance:com.reports.ReportExtend@59e32960]" started-at="2022-01-31T21:36:28Z" name="tearDown" finished-at="2022-01-31T21:36:28Z" duration-ms="122" status="PASS">
          <params>
            <param index="0">
              <value>
                <![CDATA[[TestResult name=thirdTest status=SUCCESS method=ReportExtend.thirdTest()[pri:0, instance:com.reports.ReportExtend@59e32960] output={null}]]]>
              </value>
            </param>
          </params>
          <reporter-output>
          </reporter-output>
        </test-method> <!-- tearDown -->
      </class> <!-- com.reports.ReportExtend -->
      <class name="com.reports.ReportExtend3">
        <test-method is-config="true" signature="setUp()[pri:0, instance:com.reports.ReportExtend3@5b67bb7e]" started-at="2022-01-31T21:36:39Z" name="setUp" finished-at="2022-01-31T21:36:42Z" duration-ms="2989" status="PASS">
          <reporter-output>
          </reporter-output>
        </test-method> <!-- setUp -->
        <test-method signature="ellevenTest()[pri:0, instance:com.reports.ReportExtend3@5b67bb7e]" started-at="2022-01-31T21:36:42Z" name="ellevenTest" finished-at="2022-01-31T21:36:42Z" duration-ms="0" status="PASS">
          <reporter-output>
          </reporter-output>
        </test-method> <!-- ellevenTest -->
        <test-method is-config="true" signature="tearDown(org.testng.ITestResult)[pri:0, instance:com.reports.ReportExtend3@5b67bb7e]" started-at="2022-01-31T21:36:42Z" name="tearDown" finished-at="2022-01-31T21:36:42Z" duration-ms="98" status="PASS">
          <params>
            <param index="0">
              <value>
                <![CDATA[[TestResult name=ellevenTest status=SUCCESS method=ReportExtend3.ellevenTest()[pri:0, instance:com.reports.ReportExtend3@5b67bb7e] output={null}]]]>
              </value>
            </param>
          </params>
          <reporter-output>
          </reporter-output>
        </test-method> <!-- tearDown -->
        <test-method is-config="true" signature="setUp()[pri:0, instance:com.reports.ReportExtend3@5b67bb7e]" started-at="2022-01-31T21:36:42Z" name="setUp" finished-at="2022-01-31T21:36:47Z" duration-ms="4323" status="PASS">
          <reporter-output>
          </reporter-output>
        </test-method> <!-- setUp -->
        <test-method signature="tenTest()[pri:0, instance:com.reports.ReportExtend3@5b67bb7e]" started-at="2022-01-31T21:36:47Z" name="tenTest" finished-at="2022-01-31T21:36:47Z" duration-ms="0" status="PASS">
          <reporter-output>
          </reporter-output>
        </test-method> <!-- tenTest -->
        <test-method is-config="true" signature="tearDown(org.testng.ITestResult)[pri:0, instance:com.reports.ReportExtend3@5b67bb7e]" started-at="2022-01-31T21:36:47Z" name="tearDown" finished-at="2022-01-31T21:36:47Z" duration-ms="97" status="PASS">
          <params>
            <param index="0">
              <value>
                <![CDATA[[TestResult name=tenTest status=SUCCESS method=ReportExtend3.tenTest()[pri:0, instance:com.reports.ReportExtend3@5b67bb7e] output={null}]]]>
              </value>
            </param>
          </params>
          <reporter-output>
          </reporter-output>
        </test-method> <!-- tearDown -->
        <test-method is-config="true" signature="setUp()[pri:0, instance:com.reports.ReportExtend3@5b67bb7e]" started-at="2022-01-31T21:36:47Z" name="setUp" finished-at="2022-01-31T21:36:50Z" duration-ms="3039" status="PASS">
          <reporter-output>
          </reporter-output>
        </test-method> <!-- setUp -->
        <test-method signature="twelveTest()[pri:0, instance:com.reports.ReportExtend3@5b67bb7e]" started-at="2022-01-31T21:36:50Z" name="twelveTest" finished-at="2022-01-31T21:36:50Z" duration-ms="0" status="PASS">
          <reporter-output>
          </reporter-output>
        </test-method> <!-- twelveTest -->
        <test-method is-config="true" signature="tearDown(org.testng.ITestResult)[pri:0, instance:com.reports.ReportExtend3@5b67bb7e]" started-at="2022-01-31T21:36:50Z" name="tearDown" finished-at="2022-01-31T21:36:50Z" duration-ms="99" status="PASS">
          <params>
            <param index="0">
              <value>
                <![CDATA[[TestResult name=twelveTest status=SUCCESS method=ReportExtend3.twelveTest()[pri:0, instance:com.reports.ReportExtend3@5b67bb7e] output={null}]]]>
              </value>
            </param>
          </params>
          <reporter-output>
          </reporter-output>
        </test-method> <!-- tearDown -->
      </class> <!-- com.reports.ReportExtend3 -->
      <class name="com.reports.ReportExtend2">
        <test-method is-config="true" signature="setUp()[pri:0, instance:com.reports.ReportExtend2@7c214cc0]" started-at="2022-01-31T21:36:28Z" name="setUp" finished-at="2022-01-31T21:36:31Z" duration-ms="2781" status="PASS">
          <reporter-output>
          </reporter-output>
        </test-method> <!-- setUp -->
        <test-method signature="fifthTest()[pri:0, instance:com.reports.ReportExtend2@7c214cc0]" started-at="2022-01-31T21:36:31Z" name="fifthTest" finished-at="2022-01-31T21:36:31Z" duration-ms="8" status="FAIL">
          <exception class="java.lang.AssertionError">
            <message>
              <![CDATA[expected [5] but found [5543]]]>
            </message>
            <full-stacktrace>
              <![CDATA[java.lang.AssertionError: expected [5] but found [5543]
	at org.testng.Assert.fail(Assert.java:94)
	at org.testng.Assert.failNotEquals(Assert.java:513)
	at org.testng.Assert.assertEqualsImpl(Assert.java:135)
	at org.testng.Assert.assertEquals(Assert.java:116)
	at org.testng.Assert.assertEquals(Assert.java:389)
	at org.testng.Assert.assertEquals(Assert.java:399)
	at com.reports.ReportExtend2.fifthTest(ReportExtend2.java:54)
	at java.base/jdk.internal.reflect.NativeMethodAccessorImpl.invoke0(Native Method)
	at java.base/jdk.internal.reflect.NativeMethodAccessorImpl.invoke(NativeMethodAccessorImpl.java:78)
	at java.base/jdk.internal.reflect.DelegatingMethodAccessorImpl.invoke(DelegatingMethodAccessorImpl.java:43)
	at java.base/java.lang.reflect.Method.invoke(Method.java:567)
	at org.testng.internal.MethodInvocationHelper.invokeMethod(MethodInvocationHelper.java:86)
	at org.testng.internal.Invoker.invokeMethod(Invoker.java:643)
	at org.testng.internal.Invoker.invokeTestMethod(Invoker.java:820)
	at org.testng.internal.Invoker.invokeTestMethods(Invoker.java:1128)
	at org.testng.internal.TestMethodWorker.invokeTestMethods(TestMethodWorker.java:129)
	at org.testng.internal.TestMethodWorker.run(TestMethodWorker.java:112)
	at org.testng.TestRunner.privateRun(TestRunner.java:782)
	at org.testng.TestRunner.run(TestRunner.java:632)
	at org.testng.SuiteRunner.runTest(SuiteRunner.java:366)
	at org.testng.SuiteRunner.runSequentially(SuiteRunner.java:361)
	at org.testng.SuiteRunner.privateRun(SuiteRunner.java:319)
	at org.testng.SuiteRunner.run(SuiteRunner.java:268)
	at org.testng.SuiteRunnerWorker.runSuite(SuiteRunnerWorker.java:52)
	at org.testng.SuiteRunnerWorker.run(SuiteRunnerWorker.java:86)
	at org.testng.TestNG.runSuitesSequentially(TestNG.java:1244)
	at org.testng.TestNG.runSuitesLocally(TestNG.java:1169)
	at org.testng.TestNG.run(TestNG.java:1064)
	at org.testng.remote.AbstractRemoteTestNG.run(AbstractRemoteTestNG.java:115)
	at org.testng.remote.RemoteTestNG.initAndRun(RemoteTestNG.java:251)
	at org.testng.remote.RemoteTestNG.main(RemoteTestNG.java:77)
]]>
            </full-stacktrace>
          </exception> <!-- java.lang.AssertionError -->
          <reporter-output>
          </reporter-output>
        </test-method> <!-- fifthTest -->
        <test-method is-config="true" signature="tearDown(org.testng.ITestResult)[pri:0, instance:com.reports.ReportExtend2@7c214cc0]" started-at="2022-01-31T21:36:31Z" name="tearDown" finished-at="2022-01-31T21:36:33Z" duration-ms="2065" status="PASS">
          <params>
            <param index="0">
              <value>
                <![CDATA[[TestResult name=fifthTest status=FAILURE method=ReportExtend2.fifthTest()[pri:0, instance:com.reports.ReportExtend2@7c214cc0] output={null}]]]>
              </value>
            </param>
          </params>
          <reporter-output>
          </reporter-output>
        </test-method> <!-- tearDown -->
        <test-method is-config="true" signature="setUp()[pri:0, instance:com.reports.ReportExtend2@7c214cc0]" started-at="2022-01-31T21:36:33Z" name="setUp" finished-at="2022-01-31T21:36:36Z" duration-ms="3272" status="PASS">
          <reporter-output>
          </reporter-output>
        </test-method> <!-- setUp -->
        <test-method signature="seventhTest()[pri:0, instance:com.reports.ReportExtend2@7c214cc0]" started-at="2022-01-31T21:36:36Z" name="seventhTest" finished-at="2022-01-31T21:36:36Z" duration-ms="0" status="PASS">
          <reporter-output>
          </reporter-output>
        </test-method> <!-- seventhTest -->
        <test-method is-config="true" signature="tearDown(org.testng.ITestResult)[pri:0, instance:com.reports.ReportExtend2@7c214cc0]" started-at="2022-01-31T21:36:36Z" name="tearDown" finished-at="2022-01-31T21:36:36Z" duration-ms="102" status="PASS">
          <params>
            <param index="0">
              <value>
                <![CDATA[[TestResult name=seventhTest status=SUCCESS method=ReportExtend2.seventhTest()[pri:0, instance:com.reports.ReportExtend2@7c214cc0] output={null}]]]>
              </value>
            </param>
          </params>
          <reporter-output>
          </reporter-output>
        </test-method> <!-- tearDown -->
        <test-method is-config="true" signature="setUp()[pri:0, instance:com.reports.ReportExtend2@7c214cc0]" started-at="2022-01-31T21:36:36Z" name="setUp" finished-at="2022-01-31T21:36:39Z" duration-ms="2783" status="PASS">
          <reporter-output>
          </reporter-output>
        </test-method> <!-- setUp -->
        <test-method signature="sixthTest()[pri:0, instance:com.reports.ReportExtend2@7c214cc0]" started-at="2022-01-31T21:36:39Z" name="sixthTest" finished-at="2022-01-31T21:36:39Z" duration-ms="0" status="PASS">
          <reporter-output>
          </reporter-output>
        </test-method> <!-- sixthTest -->
        <test-method is-config="true" signature="tearDown(org.testng.ITestResult)[pri:0, instance:com.reports.ReportExtend2@7c214cc0]" started-at="2022-01-31T21:36:39Z" name="tearDown" finished-at="2022-01-31T21:36:39Z" duration-ms="101" status="PASS">
          <params>
            <param index="0">
              <value>
                <![CDATA[[TestResult name=sixthTest status=SUCCESS method=ReportExtend2.sixthTest()[pri:0, instance:com.reports.ReportExtend2@7c214cc0] output={null}]]]>
              </value>
            </param>
          </params>
          <reporter-output>
          </reporter-output>
        </test-method> <!-- tearDown -->
      </class> <!-- com.reports.ReportExtend2 -->
    </test> <!-- Test -->
  </suite> <!-- Suite -->
</testng-results>
